0 info it worked if it ends with ok
1 verbose cli [ '/usr/bin/node', '/usr/bin/npm', 'run', 'test:unit' ]
2 info using npm@3.5.2
3 info using node@v8.10.0
4 verbose run-script [ 'pretest:unit', 'test:unit', 'posttest:unit' ]
5 info lifecycle storefront@0.1.0~pretest:unit: storefront@0.1.0
6 silly lifecycle storefront@0.1.0~pretest:unit: no script for pretest:unit, continuing
7 info lifecycle storefront@0.1.0~test:unit: storefront@0.1.0
8 verbose lifecycle storefront@0.1.0~test:unit: unsafe-perm in lifecycle true
9 verbose lifecycle storefront@0.1.0~test:unit: PATH: /usr/share/npm/bin/node-gyp-bin:/mnt/c/tools-dev/storefront/storefront-master/node_modules/.bin:/usr/local/sbin:/usr/local/bin:/usr/sbin:/usr/bin:/sbin:/bin:/usr/games:/usr/local/games:/mnt/c/Program Files/WindowsApps/CanonicalGroupLimited.UbuntuonWindows_1804.2019.521.0_x64__79rhkp1fndgsc:/mnt/c/Program Files (x86)/Common Files/Oracle/Java/javapath:/mnt/c/WINDOWS/system32:/mnt/c/WINDOWS:/mnt/c/WINDOWS/System32/Wbem:/mnt/c/WINDOWS/System32/WindowsPowerShell/v1.0/:/mnt/c/WINDOWS/System32/OpenSSH/:/mnt/c/Windows/CCM:/mnt/c/Program Files (x86)/Intel/Intel(R) Management Engine Components/DAL:/mnt/c/Program Files/Intel/Intel(R) Management Engine Components/DAL:/mnt/c/Program Files/Intel/WiFi/bin/:/mnt/c/Program Files/Common Files/Intel/WirelessCommon/:/mnt/c/Users/cheryl_lane/AppData/Local/Programs/Microsoft VS Code/bin:/mnt/c/Python364:/mnt/c/Python364/Scripts/pip:/mnt/c/tools-dev/apache-maven-3.2.5-bin/apache-maven-3.2.5/bin:/snap/bin
10 verbose lifecycle storefront@0.1.0~test:unit: CWD: /mnt/c/tools-dev/storefront/storefront-master
11 silly lifecycle storefront@0.1.0~test:unit: Args: [ '-c', 'vue-cli-service test:unit' ]
12 silly lifecycle storefront@0.1.0~test:unit: Returned: code: 1  signal: null
13 info lifecycle storefront@0.1.0~test:unit: Failed to exec test:unit script
14 verbose stack Error: storefront@0.1.0 test:unit: `vue-cli-service test:unit`
14 verbose stack Exit status 1
14 verbose stack     at EventEmitter.<anonymous> (/usr/share/npm/lib/utils/lifecycle.js:232:16)
14 verbose stack     at emitTwo (events.js:126:13)
14 verbose stack     at EventEmitter.emit (events.js:214:7)
14 verbose stack     at ChildProcess.<anonymous> (/usr/share/npm/lib/utils/spawn.js:24:14)
14 verbose stack     at emitTwo (events.js:126:13)
14 verbose stack     at ChildProcess.emit (events.js:214:7)
14 verbose stack     at maybeClose (internal/child_process.js:925:16)
14 verbose stack     at Process.ChildProcess._handle.onexit (internal/child_process.js:209:5)
15 verbose pkgid storefront@0.1.0
16 verbose cwd /mnt/c/tools-dev/storefront/storefront-master
17 error Linux 4.4.0-18362-Microsoft
18 error argv "/usr/bin/node" "/usr/bin/npm" "run" "test:unit"
19 error node v8.10.0
20 error npm  v3.5.2
21 error code ELIFECYCLE
22 error storefront@0.1.0 test:unit: `vue-cli-service test:unit`
22 error Exit status 1
23 error Failed at the storefront@0.1.0 test:unit script 'vue-cli-service test:unit'.
23 error Make sure you have the latest version of node.js and npm installed.
23 error If you do, this is most likely a problem with the storefront package,
23 error not with npm itself.
23 error Tell the author that this fails on your system:
23 error     vue-cli-service test:unit
23 error You can get information on how to open an issue for this project with:
23 error     npm bugs storefront
23 error Or if that isn't available, you can get their info via:
23 error     npm owner ls storefront
23 error There is likely additional logging output above.
24 verbose exit [ 1, true ]
